This file contains any messages produced by compilers while
running configure, to aid debugging if configure makes a mistake.

It was created by pidgin-sipe configure 1.6.3, which was
generated by GNU Autoconf 2.63.  Invocation command line was

  $ ./configure --build=i386-pc-linux-gnu --host=i686-unknown-linux-gnu --target=i686-unknown-linux-gnu --prefix=/opt --disable-nls --disable-static --prefix=/usr --enable-gnutls=yes --enable-nss=yes --disable-screensaver --disable-startup-notification --disable-gtkspell --disable-gstreamer --disable-vv --disable-avahi --disable-perl --disable-tcl --disable-gtkui

## --------- ##
## Platform. ##
## --------- ##

hostname = greg-desktop
uname -m = i686
uname -r = 2.6.24-16-generic
uname -s = Linux
uname -v = #1 SMP Thu Apr 10 13:23:42 UTC 2008

/usr/bin/uname -p = unknown
/bin/uname -X     = unknown

/bin/arch              = unknown
/usr/bin/arch -k       = unknown
/usr/convex/getsysinfo = unknown
/usr/bin/hostinfo      = unknown
/bin/machine           = unknown
/usr/bin/oslevel       = unknown
/bin/universe          = unknown

PATH: /usr/local/sbin
PATH: /usr/local/bin
PATH: /usr/sbin
PATH: /usr/bin
PATH: /sbin
PATH: /bin
PATH: /usr/X11R6/bin


## ----------- ##
## Core tests. ##
## ----------- ##

configure:2136: checking for a BSD-compatible install
configure:2204: result: /usr/bin/install -c
configure:2215: checking whether build environment is sane
configure:2258: result: yes
configure:2283: checking for a thread-safe mkdir -p
configure:2322: result: /bin/mkdir -p
configure:2335: checking for gawk
configure:2351: found /usr/bin/gawk
configure:2362: result: gawk
configure:2373: checking whether make sets $(MAKE)
configure:2395: result: yes
configure:2475: checking for i686-unknown-linux-gnu-strip
configure:2502: result: /root/optware/i686g25/toolchain/i686-unknown-linux-gnu/bin/i686-unknown-linux-gnu-strip
configure:2574: checking how to create a ustar tar archive
configure:2587: tar --version
tar (GNU tar) 1.19
Copyright (C) 2007 Free Software Foundation, Inc.
License GPLv3+: GNU GPL version 3 or later <http://gnu.org/licenses/gpl.html>
This is free software: you are free to change and redistribute it.
There is NO WARRANTY, to the extent permitted by law.

Written by John Gilmore and Jay Fenlason.
configure:2590: $? = 0
configure:2630: tardir=conftest.dir && eval tar --format=ustar -chf - "$tardir" >conftest.tar
configure:2633: $? = 0
configure:2637: tar -xf - <conftest.tar
configure:2640: $? = 0
configure:2653: result: gnutar
configure:2701: checking for i686-unknown-linux-gnu-gcc
configure:2728: result: /root/optware/i686g25/toolchain/i686-unknown-linux-gnu/bin/i686-unknown-linux-gnu-gcc
configure:3000: checking for C compiler version
configure:3008: /root/optware/i686g25/toolchain/i686-unknown-linux-gnu/bin/i686-unknown-linux-gnu-gcc --version >&5
i686-unknown-linux-gnu-gcc (GCC) 4.2.1
Copyright (C) 2007 Free Software Foundation, Inc.
This is free software; see the source for copying conditions.  There is NO
warranty; not even for MERCHANTABILITY or FITNESS FOR A PARTICULAR PURPOSE.

configure:3012: $? = 0
configure:3019: /root/optware/i686g25/toolchain/i686-unknown-linux-gnu/bin/i686-unknown-linux-gnu-gcc -v >&5
Using built-in specs.
Target: i686-unknown-linux-gnu
Configured with: /root/optware/i686g25/toolchain/build/targets/src/gcc-4.2.1/configure --build=i486-build_pc-linux-gnu --host=i486-build_pc-linux-gnu --target=i686-unknown-linux-gnu --prefix=/root/optware/i686g25/toolchain/i686-unknown-linux-gnu --with-sysroot=/root/optware/i686g25/toolchain/i686-unknown-linux-gnu/i686-unknown-linux-gnu//sys-root --enable-languages=c,c++ --disable-multilib --with-arch=i686 --with-cpu=i686 --with-tune=pentium4 --enable-__cxa_atexit --with-local-prefix=/root/optware/i686g25/toolchain/i686-unknown-linux-gnu/i686-unknown-linux-gnu//sys-root --disable-nls --enable-threads=posix --enable-symvers=gnu --enable-c99 --enable-long-long --enable-target-optspace
Thread model: posix
gcc version 4.2.1
configure:3023: $? = 0
configure:3030: /root/optware/i686g25/toolchain/i686-unknown-linux-gnu/bin/i686-unknown-linux-gnu-gcc -V >&5
i686-unknown-linux-gnu-gcc: '-V' option must have argument
configure:3034: $? = 1
configure:3057: checking for C compiler default output file name
configure:3079: /root/optware/i686g25/toolchain/i686-unknown-linux-gnu/bin/i686-unknown-linux-gnu-gcc  -O2   -O2 -I/root/optware/i686g25/staging/opt/include   -L/root/optware/i686g25/staging/opt/lib -Wl,-rpath,/opt/lib -Wl,-rpath-link,/root/optware/i686g25/staging/opt/lib  conftest.c  >&5
configure:3083: $? = 0
configure:3121: result: a.out
configure:3140: checking whether the C compiler works
configure:3173: result: yes
configure:3180: checking whether we are cross compiling
configure:3182: result: yes
configure:3185: checking for suffix of executables
configure:3192: /root/optware/i686g25/toolchain/i686-unknown-linux-gnu/bin/i686-unknown-linux-gnu-gcc -o conftest  -O2   -O2 -I/root/optware/i686g25/staging/opt/include   -L/root/optware/i686g25/staging/opt/lib -Wl,-rpath,/opt/lib -Wl,-rpath-link,/root/optware/i686g25/staging/opt/lib  conftest.c  >&5
configure:3196: $? = 0
configure:3222: result: 
configure:3228: checking for suffix of object files
configure:3254: /root/optware/i686g25/toolchain/i686-unknown-linux-gnu/bin/i686-unknown-linux-gnu-gcc -c  -O2   -O2 -I/root/optware/i686g25/staging/opt/include  conftest.c >&5
configure:3258: $? = 0
configure:3283: result: o
configure:3287: checking whether we are using the GNU C compiler
configure:3316: /root/optware/i686g25/toolchain/i686-unknown-linux-gnu/bin/i686-unknown-linux-gnu-gcc -c  -O2   -O2 -I/root/optware/i686g25/staging/opt/include  conftest.c >&5
configure:3323: $? = 0
configure:3340: result: yes
configure:3349: checking whether /root/optware/i686g25/toolchain/i686-unknown-linux-gnu/bin/i686-unknown-linux-gnu-gcc accepts -g
configure:3379: /root/optware/i686g25/toolchain/i686-unknown-linux-gnu/bin/i686-unknown-linux-gnu-gcc -c -g -O2   -O2 -I/root/optware/i686g25/staging/opt/include  conftest.c >&5
configure:3386: $? = 0
configure:3487: result: yes
configure:3504: checking for /root/optware/i686g25/toolchain/i686-unknown-linux-gnu/bin/i686-unknown-linux-gnu-gcc option to accept ISO C89
configure:3578: /root/optware/i686g25/toolchain/i686-unknown-linux-gnu/bin/i686-unknown-linux-gnu-gcc  -c -g -O2 -O2   -O2 -I/root/optware/i686g25/staging/opt/include  conftest.c >&5
configure:3585: $? = 0
configure:3608: result: none needed
configure:3637: checking for style of include used by make
configure:3665: result: GNU
configure:3690: checking dependency style of /root/optware/i686g25/toolchain/i686-unknown-linux-gnu/bin/i686-unknown-linux-gnu-gcc
configure:3781: result: gcc3
configure:3797: checking whether NLS is requested
configure:3806: result: no
configure:3824: checking for intltool >= 0.35.0
configure:3831: result: 0.37.1 found
configure:3841: checking for intltool-update
configure:3859: found /usr/bin/intltool-update
configure:3871: result: /usr/bin/intltool-update
configure:3881: checking for intltool-merge
configure:3899: found /usr/bin/intltool-merge
configure:3911: result: /usr/bin/intltool-merge
configure:3921: checking for intltool-extract
configure:3939: found /usr/bin/intltool-extract
configure:3951: result: /usr/bin/intltool-extract
configure:4084: checking for xgettext
configure:4102: found /usr/bin/xgettext
configure:4114: result: /usr/bin/xgettext
configure:4124: checking for msgmerge
configure:4142: found /usr/bin/msgmerge
configure:4154: result: /usr/bin/msgmerge
configure:4164: checking for msgfmt
configure:4182: found /usr/bin/msgfmt
configure:4194: result: /usr/bin/msgfmt
configure:4204: checking for gmsgfmt
configure:4235: result: /usr/bin/msgfmt
configure:4259: checking for perl
configure:4277: found /usr/bin/perl
configure:4289: result: /usr/bin/perl
configure:4302: checking for perl >= 5.8.1
configure:4311: result: 5.8.8
configure:4315: checking for XML::Parser
configure:4318: result: ok
configure:4355: /root/optware/i686g25/toolchain/i686-unknown-linux-gnu/bin/i686-unknown-linux-gnu-gcc -o conftest -g -O2 -O2   -O2 -I/root/optware/i686g25/staging/opt/include   -L/root/optware/i686g25/staging/opt/lib -Wl,-rpath,/opt/lib -Wl,-rpath-link,/root/optware/i686g25/staging/opt/lib  conftest.c  >&5
configure:4362: $? = 0
configure:4515: checking build system type
configure:4533: result: i386-pc-linux-gnu
configure:4555: checking host system type
configure:4570: result: i686-unknown-linux-gnu
configure:4592: checking for a sed that does not truncate output
configure:4658: result: /bin/sed
configure:4676: checking for grep that handles long lines and -e
configure:4736: result: /bin/grep
configure:4741: checking for egrep
configure:4805: result: /bin/grep -E
configure:4810: checking for fgrep
configure:4874: result: /bin/grep -F
configure:4909: checking for ld used by /root/optware/i686g25/toolchain/i686-unknown-linux-gnu/bin/i686-unknown-linux-gnu-gcc
configure:4976: result: /root/optware/i686g25/toolchain/i686-unknown-linux-gnu/bin/i686-unknown-linux-gnu-ld
configure:4985: checking if the linker (/root/optware/i686g25/toolchain/i686-unknown-linux-gnu/bin/i686-unknown-linux-gnu-ld) is GNU ld
configure:5000: result: yes
configure:5012: checking for BSD- or MS-compatible name lister (nm)
configure:5061: result: /root/optware/i686g25/toolchain/i686-unknown-linux-gnu/bin/i686-unknown-linux-gnu-nm
configure:5179: checking the name lister (/root/optware/i686g25/toolchain/i686-unknown-linux-gnu/bin/i686-unknown-linux-gnu-nm) interface
configure:5186: /root/optware/i686g25/toolchain/i686-unknown-linux-gnu/bin/i686-unknown-linux-gnu-gcc -c -g -O2 -O2   -O2 -I/root/optware/i686g25/staging/opt/include  conftest.c >&5
configure:5189: /root/optware/i686g25/toolchain/i686-unknown-linux-gnu/bin/i686-unknown-linux-gnu-nm "conftest.o"
configure:5192: output
00000000 B some_variable
configure:5199: result: BSD nm
configure:5202: checking whether ln -s works
configure:5206: result: yes
configure:5214: checking the maximum length of command line arguments
configure:5334: result: 98304
configure:5351: checking whether the shell understands some XSI constructs
configure:5361: result: yes
configure:5365: checking whether the shell understands "+="
configure:5371: result: yes
configure:5406: checking for /root/optware/i686g25/toolchain/i686-unknown-linux-gnu/bin/i686-unknown-linux-gnu-ld option to reload object files
configure:5413: result: -r
configure:5442: checking for i686-unknown-linux-gnu-objdump
configure:5472: result: no
configure:5482: checking for objdump
configure:5498: found /usr/bin/objdump
configure:5509: result: objdump
configure:5521: WARNING: using cross tools not prefixed with host triplet
configure:5541: checking how to recognize dependent libraries
configure:5737: result: pass_all
configure:5757: checking for i686-unknown-linux-gnu-ar
configure:5784: result: /root/optware/i686g25/toolchain/i686-unknown-linux-gnu/bin/i686-unknown-linux-gnu-ar
configure:5862: checking for i686-unknown-linux-gnu-strip
configure:5889: result: /root/optware/i686g25/toolchain/i686-unknown-linux-gnu/bin/i686-unknown-linux-gnu-strip
configure:5961: checking for i686-unknown-linux-gnu-ranlib
configure:5988: result: /root/optware/i686g25/toolchain/i686-unknown-linux-gnu/bin/i686-unknown-linux-gnu-ranlib
configure:6118: checking command to parse /root/optware/i686g25/toolchain/i686-unknown-linux-gnu/bin/i686-unknown-linux-gnu-nm output from /root/optware/i686g25/toolchain/i686-unknown-linux-gnu/bin/i686-unknown-linux-gnu-gcc object
configure:6236: /root/optware/i686g25/toolchain/i686-unknown-linux-gnu/bin/i686-unknown-linux-gnu-gcc -c -g -O2 -O2   -O2 -I/root/optware/i686g25/staging/opt/include  conftest.c >&5
configure:6239: $? = 0
configure:6243: /root/optware/i686g25/toolchain/i686-unknown-linux-gnu/bin/i686-unknown-linux-gnu-nm conftest.o \| sed -n -e 's/^.*[	 ]\([ABCDGIRSTW][ABCDGIRSTW]*\)[	 ][	 ]*\([_A-Za-z][_A-Za-z0-9]*\)$/\1 \2 \2/p' \> conftest.nm
configure:6246: $? = 0
configure:6300: /root/optware/i686g25/toolchain/i686-unknown-linux-gnu/bin/i686-unknown-linux-gnu-gcc -o conftest -g -O2 -O2   -O2 -I/root/optware/i686g25/staging/opt/include   -L/root/optware/i686g25/staging/opt/lib -Wl,-rpath,/opt/lib -Wl,-rpath-link,/root/optware/i686g25/staging/opt/lib  conftest.c conftstm.o >&5
configure:6303: $? = 0
configure:6341: result: ok
configure:7207: checking how to run the C preprocessor
configure:7325: result: /root/optware/i686g25/toolchain/i686-unknown-linux-gnu/bin/i686-unknown-linux-gnu-gcc -E
configure:7354: /root/optware/i686g25/toolchain/i686-unknown-linux-gnu/bin/i686-unknown-linux-gnu-gcc -E -O2   -O2 -I/root/optware/i686g25/staging/opt/include  conftest.c
configure:7361: $? = 0
configure:7392: /root/optware/i686g25/toolchain/i686-unknown-linux-gnu/bin/i686-unknown-linux-gnu-gcc -E -O2   -O2 -I/root/optware/i686g25/staging/opt/include  conftest.c
conftest.c:10:28: error: ac_nonexistent.h: No such file or directory
configure:7399: $? = 1
configure: failed program was:
| /* confdefs.h.  */
| #define PACKAGE_NAME "pidgin-sipe"
| #define PACKAGE_TARNAME "pidgin-sipe"
| #define PACKAGE_VERSION "1.6.3"
| #define PACKAGE_STRING "pidgin-sipe 1.6.3"
| #define PACKAGE_BUGREPORT ""
| #define PACKAGE "pidgin-sipe"
| #define VERSION "1.6.3"
| /* end confdefs.h.  */
| #include <ac_nonexistent.h>
configure:7439: checking for ANSI C header files
configure:7469: /root/optware/i686g25/toolchain/i686-unknown-linux-gnu/bin/i686-unknown-linux-gnu-gcc -c -g -O2 -O2   -O2 -I/root/optware/i686g25/staging/opt/include  conftest.c >&5
configure:7476: $? = 0
configure:7607: result: yes
configure:7631: checking for sys/types.h
configure:7652: /root/optware/i686g25/toolchain/i686-unknown-linux-gnu/bin/i686-unknown-linux-gnu-gcc -c -g -O2 -O2   -O2 -I/root/optware/i686g25/staging/opt/include  conftest.c >&5
configure:7659: $? = 0
configure:7676: result: yes
configure:7631: checking for sys/stat.h
configure:7652: /root/optware/i686g25/toolchain/i686-unknown-linux-gnu/bin/i686-unknown-linux-gnu-gcc -c -g -O2 -O2   -O2 -I/root/optware/i686g25/staging/opt/include  conftest.c >&5
configure:7659: $? = 0
configure:7676: result: yes
configure:7631: checking for stdlib.h
configure:7652: /root/optware/i686g25/toolchain/i686-unknown-linux-gnu/bin/i686-unknown-linux-gnu-gcc -c -g -O2 -O2   -O2 -I/root/optware/i686g25/staging/opt/include  conftest.c >&5
configure:7659: $? = 0
configure:7676: result: yes
configure:7631: checking for string.h
configure:7652: /root/optware/i686g25/toolchain/i686-unknown-linux-gnu/bin/i686-unknown-linux-gnu-gcc -c -g -O2 -O2   -O2 -I/root/optware/i686g25/staging/opt/include  conftest.c >&5
configure:7659: $? = 0
configure:7676: result: yes
configure:7631: checking for memory.h
configure:7652: /root/optware/i686g25/toolchain/i686-unknown-linux-gnu/bin/i686-unknown-linux-gnu-gcc -c -g -O2 -O2   -O2 -I/root/optware/i686g25/staging/opt/include  conftest.c >&5
configure:7659: $? = 0
configure:7676: result: yes
configure:7631: checking for strings.h
configure:7652: /root/optware/i686g25/toolchain/i686-unknown-linux-gnu/bin/i686-unknown-linux-gnu-gcc -c -g -O2 -O2   -O2 -I/root/optware/i686g25/staging/opt/include  conftest.c >&5
configure:7659: $? = 0
configure:7676: result: yes
configure:7631: checking for inttypes.h
configure:7652: /root/optware/i686g25/toolchain/i686-unknown-linux-gnu/bin/i686-unknown-linux-gnu-gcc -c -g -O2 -O2   -O2 -I/root/optware/i686g25/staging/opt/include  conftest.c >&5
configure:7659: $? = 0
configure:7676: result: yes
configure:7631: checking for stdint.h
configure:7652: /root/optware/i686g25/toolchain/i686-unknown-linux-gnu/bin/i686-unknown-linux-gnu-gcc -c -g -O2 -O2   -O2 -I/root/optware/i686g25/staging/opt/include  conftest.c >&5
configure:7659: $? = 0
configure:7676: result: yes
configure:7631: checking for unistd.h
configure:7652: /root/optware/i686g25/toolchain/i686-unknown-linux-gnu/bin/i686-unknown-linux-gnu-gcc -c -g -O2 -O2   -O2 -I/root/optware/i686g25/staging/opt/include  conftest.c >&5
configure:7659: $? = 0
configure:7676: result: yes
configure:7694: checking for dlfcn.h
configure:7715: /root/optware/i686g25/toolchain/i686-unknown-linux-gnu/bin/i686-unknown-linux-gnu-gcc -c -g -O2 -O2   -O2 -I/root/optware/i686g25/staging/opt/include  conftest.c >&5
configure:7722: $? = 0
configure:7739: result: yes
configure:7895: checking for objdir
configure:7910: result: .libs
configure:8202: checking if /root/optware/i686g25/toolchain/i686-unknown-linux-gnu/bin/i686-unknown-linux-gnu-gcc supports -fno-rtti -fno-exceptions
configure:8220: /root/optware/i686g25/toolchain/i686-unknown-linux-gnu/bin/i686-unknown-linux-gnu-gcc -c -g -O2 -O2   -O2 -I/root/optware/i686g25/staging/opt/include  -fno-rtti -fno-exceptions conftest.c >&5
cc1: warning: command line option "-fno-rtti" is valid for C++/ObjC++ but not for C
configure:8224: $? = 0
configure:8237: result: no
configure:8257: checking for /root/optware/i686g25/toolchain/i686-unknown-linux-gnu/bin/i686-unknown-linux-gnu-gcc option to produce PIC
configure:8529: result: -fPIC -DPIC
configure:8541: checking if /root/optware/i686g25/toolchain/i686-unknown-linux-gnu/bin/i686-unknown-linux-gnu-gcc PIC flag -fPIC -DPIC works
configure:8559: /root/optware/i686g25/toolchain/i686-unknown-linux-gnu/bin/i686-unknown-linux-gnu-gcc -c -g -O2 -O2   -O2 -I/root/optware/i686g25/staging/opt/include  -fPIC -DPIC -DPIC conftest.c >&5
configure:8563: $? = 0
configure:8576: result: yes
configure:8600: checking if /root/optware/i686g25/toolchain/i686-unknown-linux-gnu/bin/i686-unknown-linux-gnu-gcc static flag -static works
configure:8628: result: yes
configure:8643: checking if /root/optware/i686g25/toolchain/i686-unknown-linux-gnu/bin/i686-unknown-linux-gnu-gcc supports -c -o file.o
configure:8664: /root/optware/i686g25/toolchain/i686-unknown-linux-gnu/bin/i686-unknown-linux-gnu-gcc -c -g -O2 -O2   -O2 -I/root/optware/i686g25/staging/opt/include  -o out/conftest2.o conftest.c >&5
configure:8668: $? = 0
configure:8690: result: yes
configure:8698: checking if /root/optware/i686g25/toolchain/i686-unknown-linux-gnu/bin/i686-unknown-linux-gnu-gcc supports -c -o file.o
configure:8745: result: yes
configure:8778: checking whether the /root/optware/i686g25/toolchain/i686-unknown-linux-gnu/bin/i686-unknown-linux-gnu-gcc linker (/root/optware/i686g25/toolchain/i686-unknown-linux-gnu/bin/i686-unknown-linux-gnu-ld) supports shared libraries
configure:9853: result: yes
configure:9890: checking whether -lc should be explicitly linked in
configure:9895: /root/optware/i686g25/toolchain/i686-unknown-linux-gnu/bin/i686-unknown-linux-gnu-gcc -c -g -O2 -O2   -O2 -I/root/optware/i686g25/staging/opt/include  conftest.c >&5
configure:9898: $? = 0
configure:9913: /root/optware/i686g25/toolchain/i686-unknown-linux-gnu/bin/i686-unknown-linux-gnu-gcc -shared conftest.o  -v -Wl,-soname -Wl,conftest -o conftest 2\>\&1 \| /bin/grep  -lc  \>/dev/null 2\>\&1
configure:9916: $? = 0
configure:9928: result: no
configure:10092: checking dynamic linker characteristics
configure:10535: /root/optware/i686g25/toolchain/i686-unknown-linux-gnu/bin/i686-unknown-linux-gnu-gcc -o conftest -g -O2 -O2   -O2 -I/root/optware/i686g25/staging/opt/include   -L/root/optware/i686g25/staging/opt/lib -Wl,-rpath,/opt/lib -Wl,-rpath-link,/root/optware/i686g25/staging/opt/lib  -Wl,-rpath -Wl,/foo conftest.c  >&5
configure:10542: $? = 0
configure:10787: result: GNU/Linux ld.so
configure:10889: checking how to hardcode library paths into programs
configure:10914: result: immediate
configure:11747: checking whether stripping libraries is possible
configure:11752: result: yes
configure:11787: checking if libtool supports shared libraries
configure:11789: result: yes
configure:11792: checking whether to build shared libraries
configure:11813: result: yes
configure:11816: checking whether to build static libraries
configure:11820: result: no
configure:11869: checking for a BSD-compatible install
configure:11937: result: /usr/bin/install -c
configure:11949: checking for ANSI C header files
configure:12117: result: yes
configure:12176: checking for i686-unknown-linux-gnu-pkg-config
configure:12209: result: no
configure:12219: checking for pkg-config
configure:12237: found /usr/bin/pkg-config
configure:12249: result: /usr/bin/pkg-config
configure:12274: checking pkg-config is at least version 0.9.0
configure:12277: result: yes
configure:12610: checking for PURPLE
configure:12618: $PKG_CONFIG --exists --print-errors "purple >= 2.3.1"
configure:12621: $? = 0
configure:12636: $PKG_CONFIG --exists --print-errors "purple >= 2.3.1"
configure:12639: $? = 0
configure:12717: result: yes
configure:12728: checking for inet_aton
configure:12784: /root/optware/i686g25/toolchain/i686-unknown-linux-gnu/bin/i686-unknown-linux-gnu-gcc -o conftest -g -O2 -O2   -O2 -I/root/optware/i686g25/staging/opt/include   -L/root/optware/i686g25/staging/opt/lib -Wl,-rpath,/opt/lib -Wl,-rpath-link,/root/optware/i686g25/staging/opt/lib  conftest.c  >&5
configure:12791: $? = 0
configure:12811: result: yes
configure:12918: checking locale_CPPFLAGS
configure:12922: result: -DLOCALEDIR=\"$(prefix)/$(DATADIRNAME)/locale\"
configure:12949: checking locale.h usability
configure:12966: /root/optware/i686g25/toolchain/i686-unknown-linux-gnu/bin/i686-unknown-linux-gnu-gcc -c -g -O2 -O2   -O2 -I/root/optware/i686g25/staging/opt/include  conftest.c >&5
configure:12973: $? = 0
configure:12987: result: yes
configure:12991: checking locale.h presence
configure:13006: /root/optware/i686g25/toolchain/i686-unknown-linux-gnu/bin/i686-unknown-linux-gnu-gcc -E -O2   -O2 -I/root/optware/i686g25/staging/opt/include  conftest.c
configure:13013: $? = 0
configure:13027: result: yes
configure:13055: checking for locale.h
configure:13064: result: yes
configure:13080: checking for LC_MESSAGES
configure:13106: /root/optware/i686g25/toolchain/i686-unknown-linux-gnu/bin/i686-unknown-linux-gnu-gcc -o conftest -g -O2 -O2   -O2 -I/root/optware/i686g25/staging/opt/include   -L/root/optware/i686g25/staging/opt/lib -Wl,-rpath,/opt/lib -Wl,-rpath-link,/root/optware/i686g25/staging/opt/lib  conftest.c  >&5
configure:13113: $? = 0
configure:13133: result: yes
configure:13162: checking libintl.h usability
configure:13179: /root/optware/i686g25/toolchain/i686-unknown-linux-gnu/bin/i686-unknown-linux-gnu-gcc -c -g -O2 -O2   -O2 -I/root/optware/i686g25/staging/opt/include  conftest.c >&5
configure:13186: $? = 0
configure:13200: result: yes
configure:13204: checking libintl.h presence
configure:13219: /root/optware/i686g25/toolchain/i686-unknown-linux-gnu/bin/i686-unknown-linux-gnu-gcc -E -O2   -O2 -I/root/optware/i686g25/staging/opt/include  conftest.c
configure:13226: $? = 0
configure:13240: result: yes
configure:13268: checking for libintl.h
configure:13275: result: yes
configure:13286: checking for ngettext in libc
configure:13314: /root/optware/i686g25/toolchain/i686-unknown-linux-gnu/bin/i686-unknown-linux-gnu-gcc -o conftest -g -O2 -O2   -O2 -I/root/optware/i686g25/staging/opt/include   -L/root/optware/i686g25/staging/opt/lib -Wl,-rpath,/opt/lib -Wl,-rpath-link,/root/optware/i686g25/staging/opt/lib  conftest.c  >&5
configure:13321: $? = 0
configure:13342: result: yes
configure:13346: checking for dgettext in libc
configure:13374: /root/optware/i686g25/toolchain/i686-unknown-linux-gnu/bin/i686-unknown-linux-gnu-gcc -o conftest -g -O2 -O2   -O2 -I/root/optware/i686g25/staging/opt/include   -L/root/optware/i686g25/staging/opt/lib -Wl,-rpath,/opt/lib -Wl,-rpath-link,/root/optware/i686g25/staging/opt/lib  conftest.c  >&5
configure:13381: $? = 0
configure:13402: result: yes
configure:13411: checking for bind_textdomain_codeset
configure:13467: /root/optware/i686g25/toolchain/i686-unknown-linux-gnu/bin/i686-unknown-linux-gnu-gcc -o conftest -g -O2 -O2   -O2 -I/root/optware/i686g25/staging/opt/include   -L/root/optware/i686g25/staging/opt/lib -Wl,-rpath,/opt/lib -Wl,-rpath-link,/root/optware/i686g25/staging/opt/lib  conftest.c  >&5
configure:13474: $? = 0
configure:13496: result: yes
configure:14012: checking for msgfmt
configure:14039: result: /usr/bin/msgfmt
configure:14052: checking for dcgettext
configure:14108: /root/optware/i686g25/toolchain/i686-unknown-linux-gnu/bin/i686-unknown-linux-gnu-gcc -o conftest -g -O2 -O2   -O2 -I/root/optware/i686g25/staging/opt/include   -L/root/optware/i686g25/staging/opt/lib -Wl,-rpath,/opt/lib -Wl,-rpath-link,/root/optware/i686g25/staging/opt/lib  conftest.c   >&5
conftest.c:52: warning: conflicting types for built-in function 'dcgettext'
configure:14115: $? = 0
configure:14137: result: yes
configure:14150: checking if msgfmt accepts -c
configure:14165: $MSGFMT -c -o /dev/null conftest.foo
configure:14168: $? = 0
configure:14170: result: yes
configure:14180: checking for gmsgfmt
configure:14211: result: /usr/bin/msgfmt
configure:14221: checking for xgettext
configure:14248: result: /usr/bin/xgettext
configure:14277: /root/optware/i686g25/toolchain/i686-unknown-linux-gnu/bin/i686-unknown-linux-gnu-gcc -o conftest -g -O2 -O2   -O2 -I/root/optware/i686g25/staging/opt/include   -L/root/optware/i686g25/staging/opt/lib -Wl,-rpath,/opt/lib -Wl,-rpath-link,/root/optware/i686g25/staging/opt/lib  conftest.c   >&5
configure:14284: $? = 0
configure:14519: checking for nl_langinfo and CODESET
configure:14545: /root/optware/i686g25/toolchain/i686-unknown-linux-gnu/bin/i686-unknown-linux-gnu-gcc -o conftest -g -O2 -O2   -O2 -I/root/optware/i686g25/staging/opt/include   -L/root/optware/i686g25/staging/opt/lib -Wl,-rpath,/opt/lib -Wl,-rpath-link,/root/optware/i686g25/staging/opt/lib  conftest.c  >&5
configure:14552: $? = 0
configure:14573: result: yes
configure:14757: creating ./config.status

## ---------------------- ##
## Running config.status. ##
## ---------------------- ##

This file was extended by pidgin-sipe config.status 1.6.3, which was
generated by GNU Autoconf 2.63.  Invocation command line was

  CONFIG_FILES    = 
  CONFIG_HEADERS  = 
  CONFIG_LINKS    = 
  CONFIG_COMMANDS = 
  $ ./config.status 

on greg-desktop

config.status:987: creating src/config.h
config.status:987: creating Makefile
config.status:987: creating pixmaps/Makefile
config.status:987: creating m4macros/Makefile
config.status:987: creating po/Makefile.in
config.status:987: creating pixmaps/16/Makefile
config.status:987: creating pixmaps/22/Makefile
config.status:987: creating pixmaps/48/Makefile
config.status:987: creating src/Makefile
config.status:1198: executing depfiles commands
config.status:1198: executing libtool commands
config.status:1198: executing default-1 commands
config.status:1198: executing po/stamp-it commands
configure:16818: WARNING: unrecognized options: --enable-gnutls, --enable-nss, --disable-screensaver, --disable-startup-notification, --disable-gtkspell, --disable-gstreamer, --disable-vv, --disable-avahi, --disable-perl, --disable-tcl, --disable-gtkui

## ---------------- ##
## Cache variables. ##
## ---------------- ##

ac_cv_build=i386-pc-linux-gnu
ac_cv_c_compiler_gnu=yes
ac_cv_env_CC_set=set
ac_cv_env_CC_value=/root/optware/i686g25/toolchain/i686-unknown-linux-gnu/bin/i686-unknown-linux-gnu-gcc
ac_cv_env_CFLAGS_set=
ac_cv_env_CFLAGS_value=
ac_cv_env_CPPFLAGS_set=set
ac_cv_env_CPPFLAGS_value='-O2   -O2 -I/root/optware/i686g25/staging/opt/include '
ac_cv_env_CPP_set=set
ac_cv_env_CPP_value='/root/optware/i686g25/toolchain/i686-unknown-linux-gnu/bin/i686-unknown-linux-gnu-gcc -E'
ac_cv_env_LDFLAGS_set=set
ac_cv_env_LDFLAGS_value=' -L/root/optware/i686g25/staging/opt/lib -Wl,-rpath,/opt/lib -Wl,-rpath-link,/root/optware/i686g25/staging/opt/lib '
ac_cv_env_LIBS_set=
ac_cv_env_LIBS_value=
ac_cv_env_PKG_CONFIG_set=
ac_cv_env_PKG_CONFIG_value=
ac_cv_env_PURPLE_CFLAGS_set=
ac_cv_env_PURPLE_CFLAGS_value=
ac_cv_env_PURPLE_LIBS_set=
ac_cv_env_PURPLE_LIBS_value=
ac_cv_env_build_alias_set=set
ac_cv_env_build_alias_value=i386-pc-linux-gnu
ac_cv_env_host_alias_set=set
ac_cv_env_host_alias_value=i686-unknown-linux-gnu
ac_cv_env_target_alias_set=set
ac_cv_env_target_alias_value=i686-unknown-linux-gnu
ac_cv_func_bind_textdomain_codeset=yes
ac_cv_func_dcgettext=yes
ac_cv_func_inet_aton=yes
ac_cv_header_dlfcn_h=yes
ac_cv_header_inttypes_h=yes
ac_cv_header_libintl_h=yes
ac_cv_header_locale_h=yes
ac_cv_header_memory_h=yes
ac_cv_header_stdc=yes
ac_cv_header_stdint_h=yes
ac_cv_header_stdlib_h=yes
ac_cv_header_string_h=yes
ac_cv_header_strings_h=yes
ac_cv_header_sys_stat_h=yes
ac_cv_header_sys_types_h=yes
ac_cv_header_unistd_h=yes
ac_cv_host=i686-unknown-linux-gnu
ac_cv_objext=o
ac_cv_path_EGREP='/bin/grep -E'
ac_cv_path_FGREP='/bin/grep -F'
ac_cv_path_GMSGFMT=/usr/bin/msgfmt
ac_cv_path_GREP=/bin/grep
ac_cv_path_INTLTOOL_EXTRACT=/usr/bin/intltool-extract
ac_cv_path_INTLTOOL_MERGE=/usr/bin/intltool-merge
ac_cv_path_INTLTOOL_PERL=/usr/bin/perl
ac_cv_path_INTLTOOL_UPDATE=/usr/bin/intltool-update
ac_cv_path_MSGFMT=/usr/bin/msgfmt
ac_cv_path_MSGMERGE=/usr/bin/msgmerge
ac_cv_path_SED=/bin/sed
ac_cv_path_XGETTEXT=/usr/bin/xgettext
ac_cv_path_ac_pt_PKG_CONFIG=/usr/bin/pkg-config
ac_cv_path_install='/usr/bin/install -c'
ac_cv_path_mkdir=/bin/mkdir
ac_cv_prog_AR=/root/optware/i686g25/toolchain/i686-unknown-linux-gnu/bin/i686-unknown-linux-gnu-ar
ac_cv_prog_AWK=gawk
ac_cv_prog_CC=/root/optware/i686g25/toolchain/i686-unknown-linux-gnu/bin/i686-unknown-linux-gnu-gcc
ac_cv_prog_CPP='/root/optware/i686g25/toolchain/i686-unknown-linux-gnu/bin/i686-unknown-linux-gnu-gcc -E'
ac_cv_prog_RANLIB=/root/optware/i686g25/toolchain/i686-unknown-linux-gnu/bin/i686-unknown-linux-gnu-ranlib
ac_cv_prog_STRIP=/root/optware/i686g25/toolchain/i686-unknown-linux-gnu/bin/i686-unknown-linux-gnu-strip
ac_cv_prog_ac_ct_OBJDUMP=objdump
ac_cv_prog_cc_c89=
ac_cv_prog_cc_g=yes
ac_cv_prog_make_make_set=yes
am_cv_CC_dependencies_compiler_type=gcc3
am_cv_langinfo_codeset=yes
am_cv_prog_tar_ustar=gnutar
am_cv_val_LC_MESSAGES=yes
gt_cv_func_dgettext_libc=yes
gt_cv_func_dgettext_libintl=no
gt_cv_func_ngettext_libc=yes
gt_cv_have_gettext=yes
lt_cv_deplibs_check_method=pass_all
lt_cv_file_magic_cmd='$MAGIC_CMD'
lt_cv_file_magic_test_file=
lt_cv_ld_reload_flag=-r
lt_cv_nm_interface='BSD nm'
lt_cv_objdir=.libs
lt_cv_path_LD=/root/optware/i686g25/toolchain/i686-unknown-linux-gnu/bin/i686-unknown-linux-gnu-ld
lt_cv_path_NM=/root/optware/i686g25/toolchain/i686-unknown-linux-gnu/bin/i686-unknown-linux-gnu-nm
lt_cv_prog_compiler_c_o=yes
lt_cv_prog_compiler_pic_works=yes
lt_cv_prog_compiler_rtti_exceptions=no
lt_cv_prog_compiler_static_works=yes
lt_cv_prog_gnu_ld=yes
lt_cv_sys_global_symbol_pipe='sed -n -e '\''s/^.*[	 ]\([ABCDGIRSTW][ABCDGIRSTW]*\)[	 ][	 ]*\([_A-Za-z][_A-Za-z0-9]*\)$/\1 \2 \2/p'\'''
lt_cv_sys_global_symbol_to_c_name_address='sed -n -e '\''s/^: \([^ ]*\) $/  {\"\1\", (void *) 0},/p'\'' -e '\''s/^[ABCDGIRSTW]* \([^ ]*\) \([^ ]*\)$/  {"\2", (void *) \&\2},/p'\'''
lt_cv_sys_global_symbol_to_c_name_address_lib_prefix='sed -n -e '\''s/^: \([^ ]*\) $/  {\"\1\", (void *) 0},/p'\'' -e '\''s/^[ABCDGIRSTW]* \([^ ]*\) \(lib[^ ]*\)$/  {"\2", (void *) \&\2},/p'\'' -e '\''s/^[ABCDGIRSTW]* \([^ ]*\) \([^ ]*\)$/  {"lib\2", (void *) \&\2},/p'\'''
lt_cv_sys_global_symbol_to_cdecl='sed -n -e '\''s/^T .* \(.*\)$/extern int \1();/p'\'' -e '\''s/^[ABCDGIRSTW]* .* \(.*\)$/extern char \1;/p'\'''
lt_cv_sys_max_cmd_len=98304
pkg_cv_PURPLE_CFLAGS='-I/usr/include/libpurple -I/usr/include/glib-2.0 -I/usr/lib/glib-2.0/include  '
pkg_cv_PURPLE_LIBS='-lpurple -lglib-2.0  '

## ----------------- ##
## Output variables. ##
## ----------------- ##

ACLOCAL='${SHELL} /root/optware/i686g25/builds/pidgin-sipe-1.6.3/missing --run aclocal-1.10'
ALL_LINGUAS=''
AMDEPBACKSLASH='\'
AMDEP_FALSE='#'
AMDEP_TRUE=''
AMTAR='${SHELL} /root/optware/i686g25/builds/pidgin-sipe-1.6.3/missing --run tar'
AR='/root/optware/i686g25/toolchain/i686-unknown-linux-gnu/bin/i686-unknown-linux-gnu-ar'
AUTOCONF='${SHELL} /root/optware/i686g25/builds/pidgin-sipe-1.6.3/missing --run autoconf'
AUTOHEADER='${SHELL} /root/optware/i686g25/builds/pidgin-sipe-1.6.3/missing --run autoheader'
AUTOMAKE='${SHELL} /root/optware/i686g25/builds/pidgin-sipe-1.6.3/missing --run automake-1.10'
AWK='gawk'
CATALOGS=''
CATOBJEXT='.gmo'
CC='/root/optware/i686g25/toolchain/i686-unknown-linux-gnu/bin/i686-unknown-linux-gnu-gcc'
CCDEPMODE='depmode=gcc3'
CFLAGS='-g -O2'
CPP='/root/optware/i686g25/toolchain/i686-unknown-linux-gnu/bin/i686-unknown-linux-gnu-gcc -E'
CPPFLAGS='-O2   -O2 -I/root/optware/i686g25/staging/opt/include '
CYGPATH_W='echo'
DATADIRNAME='share'
DEBUG_CFLAGS=''
DEFS='-DPACKAGE_NAME=\"pidgin-sipe\" -DPACKAGE_TARNAME=\"pidgin-sipe\" -DPACKAGE_VERSION=\"1.6.3\" -DPACKAGE_STRING=\"pidgin-sipe\ 1.6.3\" -DPACKAGE_BUGREPORT=\"\" -DPACKAGE=\"pidgin-sipe\" -DVERSION=\"1.6.3\" -DSTDC_HEADERS=1 -DHAVE_SYS_TYPES_H=1 -DHAVE_SYS_STAT_H=1 -DHAVE_STDLIB_H=1 -DHAVE_STRING_H=1 -DHAVE_MEMORY_H=1 -DHAVE_STRINGS_H=1 -DHAVE_INTTYPES_H=1 -DHAVE_STDINT_H=1 -DHAVE_UNISTD_H=1 -DHAVE_DLFCN_H=1 -DLT_OBJDIR=\".libs/\" -DSTDC_HEADERS=1 -DHAVE_PIDGIN=1 -DGETTEXT_PACKAGE=\"pidgin-sipe\" -DHAVE_LOCALE_H=1 -DHAVE_LC_MESSAGES=1 -DHAVE_BIND_TEXTDOMAIN_CODESET=1 -DHAVE_GETTEXT=1 -DHAVE_DCGETTEXT=1 -DENABLE_NLS=1 -DHAVE_LANGINFO_CODESET=1'
DEPDIR='.deps'
DSYMUTIL=''
DUMPBIN=''
ECHO_C=''
ECHO_N='-n'
ECHO_T=''
EGREP='/bin/grep -E'
EXEEXT=''
FGREP='/bin/grep -F'
GETTEXT_PACKAGE='pidgin-sipe'
GMOFILES=''
GMSGFMT='/usr/bin/msgfmt'
GREP='/bin/grep'
INSTALL_DATA='${INSTALL} -m 644'
INSTALL_PROGRAM='${INSTALL}'
INSTALL_SCRIPT='${INSTALL}'
INSTALL_STRIP_PROGRAM='$(install_sh) -c -s'
INSTOBJEXT='.mo'
INTLLIBS=''
INTLTOOL_CAVES_RULE='%.caves:     %.caves.in     $(INTLTOOL_MERGE) $(wildcard $(top_srcdir)/po/*.po) ; LC_ALL=C $(INTLTOOL_MERGE) -d -u -c $(top_builddir)/po/.intltool-merge-cache $(top_srcdir)/po $< $@'
INTLTOOL_DESKTOP_RULE='%.desktop:   %.desktop.in   $(INTLTOOL_MERGE) $(wildcard $(top_srcdir)/po/*.po) ; LC_ALL=C $(INTLTOOL_MERGE) -d -u -c $(top_builddir)/po/.intltool-merge-cache $(top_srcdir)/po $< $@'
INTLTOOL_DIRECTORY_RULE='%.directory: %.directory.in $(INTLTOOL_MERGE) $(wildcard $(top_srcdir)/po/*.po) ; LC_ALL=C $(INTLTOOL_MERGE) -d -u -c $(top_builddir)/po/.intltool-merge-cache $(top_srcdir)/po $< $@'
INTLTOOL_EXTRACT='/usr/bin/intltool-extract'
INTLTOOL_KBD_RULE='%.kbd:       %.kbd.in       $(INTLTOOL_MERGE) $(wildcard $(top_srcdir)/po/*.po) ; LC_ALL=C $(INTLTOOL_MERGE) -x -u -m -c $(top_builddir)/po/.intltool-merge-cache $(top_srcdir)/po $< $@'
INTLTOOL_KEYS_RULE='%.keys:      %.keys.in      $(INTLTOOL_MERGE) $(wildcard $(top_srcdir)/po/*.po) ; LC_ALL=C $(INTLTOOL_MERGE) -k -u -c $(top_builddir)/po/.intltool-merge-cache $(top_srcdir)/po $< $@'
INTLTOOL_MERGE='/usr/bin/intltool-merge'
INTLTOOL_OAF_RULE='%.oaf:       %.oaf.in       $(INTLTOOL_MERGE) $(wildcard $(top_srcdir)/po/*.po) ; LC_ALL=C $(INTLTOOL_MERGE) -o -p $(top_srcdir)/po $< $@'
INTLTOOL_PERL='/usr/bin/perl'
INTLTOOL_POLICY_RULE='%.policy:    %.policy.in    $(INTLTOOL_MERGE) $(wildcard $(top_srcdir)/po/*.po) ; LC_ALL=C $(INTLTOOL_MERGE) -x -u -c $(top_builddir)/po/.intltool-merge-cache $(top_srcdir)/po $< $@'
INTLTOOL_PONG_RULE='%.pong:      %.pong.in      $(INTLTOOL_MERGE) $(wildcard $(top_srcdir)/po/*.po) ; LC_ALL=C $(INTLTOOL_MERGE) -x -u -c $(top_builddir)/po/.intltool-merge-cache $(top_srcdir)/po $< $@'
INTLTOOL_PROP_RULE='%.prop:      %.prop.in      $(INTLTOOL_MERGE) $(wildcard $(top_srcdir)/po/*.po) ; LC_ALL=C $(INTLTOOL_MERGE) -d -u -c $(top_builddir)/po/.intltool-merge-cache $(top_srcdir)/po $< $@'
INTLTOOL_SCHEMAS_RULE='%.schemas:   %.schemas.in   $(INTLTOOL_MERGE) $(wildcard $(top_srcdir)/po/*.po) ; LC_ALL=C $(INTLTOOL_MERGE) -s -u -c $(top_builddir)/po/.intltool-merge-cache $(top_srcdir)/po $< $@'
INTLTOOL_SERVER_RULE='%.server:    %.server.in    $(INTLTOOL_MERGE) $(wildcard $(top_srcdir)/po/*.po) ; LC_ALL=C $(INTLTOOL_MERGE) -o -u -c $(top_builddir)/po/.intltool-merge-cache $(top_srcdir)/po $< $@'
INTLTOOL_SERVICE_RULE='%.service: %.service.in   $(INTLTOOL_MERGE) $(wildcard $(top_srcdir)/po/*.po) ; LC_ALL=C $(INTLTOOL_MERGE) -d -u -c $(top_builddir)/po/.intltool-merge-cache $(top_srcdir)/po $< $@'
INTLTOOL_SHEET_RULE='%.sheet:     %.sheet.in     $(INTLTOOL_MERGE) $(wildcard $(top_srcdir)/po/*.po) ; LC_ALL=C $(INTLTOOL_MERGE) -x -u -c $(top_builddir)/po/.intltool-merge-cache $(top_srcdir)/po $< $@'
INTLTOOL_SOUNDLIST_RULE='%.soundlist: %.soundlist.in $(INTLTOOL_MERGE) $(wildcard $(top_srcdir)/po/*.po) ; LC_ALL=C $(INTLTOOL_MERGE) -d -u -c $(top_builddir)/po/.intltool-merge-cache $(top_srcdir)/po $< $@'
INTLTOOL_THEME_RULE='%.theme:     %.theme.in     $(INTLTOOL_MERGE) $(wildcard $(top_srcdir)/po/*.po) ; LC_ALL=C $(INTLTOOL_MERGE) -d -u -c $(top_builddir)/po/.intltool-merge-cache $(top_srcdir)/po $< $@'
INTLTOOL_UI_RULE='%.ui:        %.ui.in        $(INTLTOOL_MERGE) $(wildcard $(top_srcdir)/po/*.po) ; LC_ALL=C $(INTLTOOL_MERGE) -x -u -c $(top_builddir)/po/.intltool-merge-cache $(top_srcdir)/po $< $@'
INTLTOOL_UPDATE='/usr/bin/intltool-update'
INTLTOOL_XAM_RULE='%.xam:       %.xml.in       $(INTLTOOL_MERGE) $(wildcard $(top_srcdir)/po/*.po) ; LC_ALL=C $(INTLTOOL_MERGE) -x -u -c $(top_builddir)/po/.intltool-merge-cache $(top_srcdir)/po $< $@'
INTLTOOL_XML_NOMERGE_RULE='%.xml:       %.xml.in       $(INTLTOOL_MERGE) ; LC_ALL=C $(INTLTOOL_MERGE) -x -u /tmp $< $@'
INTLTOOL_XML_RULE='%.xml:       %.xml.in       $(INTLTOOL_MERGE) $(wildcard $(top_srcdir)/po/*.po) ; LC_ALL=C $(INTLTOOL_MERGE) -x -u -c $(top_builddir)/po/.intltool-merge-cache $(top_srcdir)/po $< $@'
KRB5_CFLAGS=''
KRB5_LDFLAGS=''
KRB5_LIBS=''
LD='/root/optware/i686g25/toolchain/i686-unknown-linux-gnu/bin/i686-unknown-linux-gnu-ld'
LDFLAGS=' -L/root/optware/i686g25/staging/opt/lib -Wl,-rpath,/opt/lib -Wl,-rpath-link,/root/optware/i686g25/staging/opt/lib '
LIBOBJS=''
LIBS=''
LIBTOOL='$(SHELL) $(top_builddir)/libtool'
LIPO=''
LN_S='ln -s'
LOCALE_CPPFLAGS='-DLOCALEDIR=\"$(prefix)/$(DATADIRNAME)/locale\"'
LTLIBOBJS=''
MAKEINFO='${SHELL} /root/optware/i686g25/builds/pidgin-sipe-1.6.3/missing --run makeinfo'
MKDIR_P='/bin/mkdir -p'
MKINSTALLDIRS='./mkinstalldirs'
MSGFMT='/usr/bin/msgfmt'
MSGFMT_OPTS='-c'
MSGMERGE='/usr/bin/msgmerge'
NM='/root/optware/i686g25/toolchain/i686-unknown-linux-gnu/bin/i686-unknown-linux-gnu-nm'
NMEDIT=''
OBJDUMP='objdump'
OBJEXT='o'
OTOOL64=''
OTOOL=''
PACKAGE='pidgin-sipe'
PACKAGE_BUGREPORT=''
PACKAGE_NAME='pidgin-sipe'
PACKAGE_STRING='pidgin-sipe 1.6.3'
PACKAGE_TARNAME='pidgin-sipe'
PACKAGE_VERSION='1.6.3'
PATH_SEPARATOR=':'
PKG_CONFIG='/usr/bin/pkg-config'
POFILES=''
POSUB='po'
PO_IN_DATADIR_FALSE=''
PO_IN_DATADIR_TRUE=''
PURPLE_CFLAGS='-I/usr/include/libpurple -I/usr/include/glib-2.0 -I/usr/lib/glib-2.0/include  '
PURPLE_LIBS='-lpurple -lglib-2.0  '
QUALITY_CFLAGS=' -Werror -Wall -Wextra'
RANLIB='/root/optware/i686g25/toolchain/i686-unknown-linux-gnu/bin/i686-unknown-linux-gnu-ranlib'
SED='/bin/sed'
SET_MAKE=''
SHELL='/bin/bash'
SIPE_LIBA=''
SIPE_STATIC_FALSE=''
SIPE_STATIC_TRUE='#'
SIP_SEC_KRB5_FALSE=''
SIP_SEC_KRB5_TRUE='#'
STRIP='/root/optware/i686g25/toolchain/i686-unknown-linux-gnu/bin/i686-unknown-linux-gnu-strip'
USE_NLS='yes'
VERSION='1.6.3'
XGETTEXT='/usr/bin/xgettext'
ac_ct_CC=''
ac_ct_DUMPBIN=''
am__fastdepCC_FALSE='#'
am__fastdepCC_TRUE=''
am__include='include'
am__isrc=''
am__leading_dot='.'
am__quote=''
am__tar='tar --format=ustar -chf - "$$tardir"'
am__untar='tar -xf -'
bindir='${exec_prefix}/bin'
build='i386-pc-linux-gnu'
build_alias='i386-pc-linux-gnu'
build_cpu='i386'
build_os='linux-gnu'
build_vendor='pc'
datadir='${datarootdir}'
datarootdir='${prefix}/share'
docdir='${datarootdir}/doc/${PACKAGE_TARNAME}'
dvidir='${docdir}'
exec_prefix='${prefix}'
host='i686-unknown-linux-gnu'
host_alias='i686-unknown-linux-gnu'
host_cpu='i686'
host_os='linux-gnu'
host_vendor='unknown'
htmldir='${docdir}'
includedir='${prefix}/include'
infodir='${datarootdir}/info'
install_sh='$(SHELL) /root/optware/i686g25/builds/pidgin-sipe-1.6.3/install-sh'
libdir='${exec_prefix}/lib'
libexecdir='${exec_prefix}/libexec'
localedir='${datarootdir}/locale'
localstatedir='${prefix}/var'
lt_ECHO='echo'
mandir='${datarootdir}/man'
mkdir_p='/bin/mkdir -p'
oldincludedir='/usr/include'
pdfdir='${docdir}'
prefix='/usr'
program_transform_name='s,x,x,'
psdir='${docdir}'
sbindir='${exec_prefix}/sbin'
sharedstatedir='${prefix}/com'
sysconfdir='${prefix}/etc'
target_alias='i686-unknown-linux-gnu'

## ----------- ##
## confdefs.h. ##
## ----------- ##

#define PACKAGE_NAME "pidgin-sipe"
#define PACKAGE_TARNAME "pidgin-sipe"
#define PACKAGE_VERSION "1.6.3"
#define PACKAGE_STRING "pidgin-sipe 1.6.3"
#define PACKAGE_BUGREPORT ""
#define PACKAGE "pidgin-sipe"
#define VERSION "1.6.3"
#define STDC_HEADERS 1
#define HAVE_SYS_TYPES_H 1
#define HAVE_SYS_STAT_H 1
#define HAVE_STDLIB_H 1
#define HAVE_STRING_H 1
#define HAVE_MEMORY_H 1
#define HAVE_STRINGS_H 1
#define HAVE_INTTYPES_H 1
#define HAVE_STDINT_H 1
#define HAVE_UNISTD_H 1
#define HAVE_DLFCN_H 1
#define LT_OBJDIR ".libs/"
#define STDC_HEADERS 1
#define HAVE_PIDGIN 1
#define GETTEXT_PACKAGE "pidgin-sipe"
#define HAVE_LOCALE_H 1
#define HAVE_LC_MESSAGES 1
#define HAVE_BIND_TEXTDOMAIN_CODESET 1
#define HAVE_GETTEXT 1
#define HAVE_DCGETTEXT 1
#define ENABLE_NLS 1
#define HAVE_LANGINFO_CODESET 1

configure: exit 0
